<?xml version="1.0" encoding="UTF-8"?>
<!-- Generated by org.testng.reporters.JUnitReportReporter -->
<testsuite skipped="0" hostname="DT37632" name="com.test.learntestng.DependsOnTest" tests="3" failures="0" timestamp="30 Apr 2018 03:47:28 GMT" time="0.007" errors="0">
  <testcase name="login" time="0.004" classname="com.test.learntestng.DependsOnTest"/>
  <testcase name="test1" time="0.001" classname="com.test.learntestng.DependsOnTest"/>
  <testcase name="logout" time="0.002" classname="com.test.learntestng.DependsOnTest"/>
</testsuite> <!-- com.test.learntestng.DependsOnTest -->
