<?xml version="1.0" encoding="UTF-8"?>
<!-- Generated by org.testng.reporters.JUnitReportReporter -->
<testsuite skipped="0" hostname="DT37632" name="com.test.learntestng.Annotations" tests="2" failures="0" timestamp="30 Apr 2018 03:47:28 GMT" time="0.009" errors="0">
  <testcase name="test1" time="0.006" classname="com.test.learntestng.Annotations"/>
  <testcase name="test2" time="0.003" classname="com.test.learntestng.Annotations"/>
</testsuite> <!-- com.test.learntestng.Annotations -->
