<?xml version="1.0" encoding="UTF-8"?>
<!-- Generated by org.testng.reporters.JUnitReportReporter -->
<testsuite skipped="1" hostname="DT37632" name="com.test.learntestng.EnableAndDisableTest" tests="2" failures="0" timestamp="30 Apr 2018 03:47:28 GMT" time="0.002" errors="0">
  <testcase name="test1" time="0.002" classname="com.test.learntestng.EnableAndDisableTest"/>
  <testcase name="test2" classname="com.test.learntestng.EnableAndDisableTest">
    <skipped/>
  </testcase> <!-- test2 -->
</testsuite> <!-- com.test.learntestng.EnableAndDisableTest -->
